<?xml version="1.0" encoding="UTF-8"?>
<!-- Generated by org.testng.reporters.JUnitReportReporter -->
<testsuite hostname="DESKTOP-4GC3CBP" name="GoogleExampleIT" tests="2" failures="0" timestamp="13 Feb 2017 00:01:55 GMT" time="0.826" errors="0">
  <testcase name="googleMilkExample" time="0.403" classname="GoogleExampleIT"/>
  <testcase name="googleCheeseExample" time="0.423" classname="GoogleExampleIT"/>
</testsuite>
